{"C:\\Users\\Kamil\\Desktop\\projects\\bibliu_recruitment\\publisher\\src\\api\\book\\service\\bookQueryService\\book-query.service.ts": {"path":"C:\\Users\\Kamil\\Desktop\\projects\\bibliu_recruitment\\publisher\\src\\api\\book\\service\\bookQueryService\\book-query.service.ts","statementMap":{"0":{"start":{"line":1,"column":0},"end":{"line":1,"column":44}},"1":{"start":{"line":3,"column":0},"end":{"line":3,"column":20}},"2":{"start":{"line":4,"column":0},"end":{"line":4,"column":24}},"3":{"start":{"line":7,"column":0},"end":{"line":22,"column":null}},"4":{"start":{"line":10,"column":31},"end":{"line":10,"column":66}},"5":{"start":{"line":12,"column":38},"end":{"line":18,"column":15}},"6":{"start":{"line":13,"column":12},"end":{"line":18,"column":14}},"7":{"start":{"line":14,"column":16},"end":{"line":16,"column":null}},"8":{"start":{"line":15,"column":20},"end":{"line":15,"column":32}},"9":{"start":{"line":17,"column":16},"end":{"line":17,"column":43}},"10":{"start":{"line":20,"column":8},"end":{"line":20,"column":27}},"11":{"start":{"line":7,"column":13},"end":{"line":22,"column":null}},"12":{"start":{"line":7,"column":13},"end":{"line":7,"column":29}}},"fnMap":{"0":{"name":"(anonymous_9)","decl":{"start":{"line":9,"column":17},"end":{"line":9,"column":35}},"loc":{"start":{"line":9,"column":35},"end":{"line":21,"column":null}}},"1":{"name":"(anonymous_11)","decl":{"start":{"line":12,"column":56},"end":{"line":12,"column":57}},"loc":{"start":{"line":13,"column":12},"end":{"line":18,"column":14}}},"2":{"name":"(anonymous_12)","decl":{"start":{"line":13,"column":64},"end":{"line":13,"column":65}},"loc":{"start":{"line":13,"column":79},"end":{"line":18,"column":13}}}},"branchMap":{"0":{"loc":{"start":{"line":14,"column":16},"end":{"line":16,"column":null}},"type":"if","locations":[{"start":{"line":14,"column":16},"end":{"line":16,"column":null}},{"start":{"line":14,"column":16},"end":{"line":16,"column":null}}]}},"s":{"0":1,"1":1,"2":1,"3":1,"4":2,"5":2,"6":2,"7":2,"8":1,"9":2,"10":1,"11":1,"12":1},"f":{"0":2,"1":2,"2":2},"b":{"0":[1,1]}}
}
