{"C:\\Users\\Kamil\\Desktop\\projects\\bibliu_recruitment\\consumer\\src\\api\\book\\service\\bookCommandService\\book-command.service.ts": {"path":"C:\\Users\\Kamil\\Desktop\\projects\\bibliu_recruitment\\consumer\\src\\api\\book\\service\\bookCommandService\\book-command.service.ts","statementMap":{"0":{"start":{"line":1,"column":0},"end":{"line":1,"column":71}},"1":{"start":{"line":5,"column":0},"end":{"line":5,"column":28}},"2":{"start":{"line":6,"column":0},"end":{"line":6,"column":20}},"3":{"start":{"line":7,"column":0},"end":{"line":7,"column":24}},"4":{"start":{"line":8,"column":0},"end":{"line":8,"column":63}},"5":{"start":{"line":11,"column":0},"end":{"line":104,"column":null}},"6":{"start":{"line":14,"column":25},"end":{"line":14,"column":57}},"7":{"start":{"line":18,"column":38},"end":{"line":18,"column":57}},"8":{"start":{"line":19,"column":31},"end":{"line":19,"column":66}},"9":{"start":{"line":22,"column":8},"end":{"line":33,"column":null}},"10":{"start":{"line":23,"column":12},"end":{"line":30,"column":20}},"11":{"start":{"line":24,"column":16},"end":{"line":30,"column":18}},"12":{"start":{"line":26,"column":20},"end":{"line":28,"column":null}},"13":{"start":{"line":27,"column":24},"end":{"line":27,"column":36}},"14":{"start":{"line":29,"column":20},"end":{"line":29,"column":34}},"15":{"start":{"line":32,"column":12},"end":{"line":32,"column":47}},"16":{"start":{"line":35,"column":32},"end":{"line":35,"column":84}},"17":{"start":{"line":37,"column":27},"end":{"line":37,"column":68}},"18":{"start":{"line":40,"column":8},"end":{"line":46,"column":null}},"19":{"start":{"line":41,"column":8},"end":{"line":43,"column":54}},"20":{"start":{"line":42,"column":34},"end":{"line":42,"column":53}},"21":{"start":{"line":43,"column":34},"end":{"line":43,"column":52}},"22":{"start":{"line":49,"column":8},"end":{"line":53,"column":null}},"23":{"start":{"line":50,"column":12},"end":{"line":50,"column":46}},"24":{"start":{"line":56,"column":8},"end":{"line":60,"column":null}},"25":{"start":{"line":57,"column":12},"end":{"line":57,"column":54}},"26":{"start":{"line":63,"column":8},"end":{"line":67,"column":null}},"27":{"start":{"line":64,"column":12},"end":{"line":64,"column":57}},"28":{"start":{"line":70,"column":8},"end":{"line":74,"column":null}},"29":{"start":{"line":71,"column":12},"end":{"line":71,"column":92}},"30":{"start":{"line":77,"column":8},"end":{"line":83,"column":null}},"31":{"start":{"line":78,"column":12},"end":{"line":80,"column":54}},"32":{"start":{"line":79,"column":38},"end":{"line":79,"column":59}},"33":{"start":{"line":80,"column":34},"end":{"line":80,"column":52}},"34":{"start":{"line":86,"column":8},"end":{"line":90,"column":null}},"35":{"start":{"line":87,"column":12},"end":{"line":87,"column":74}},"36":{"start":{"line":92,"column":35},"end":{"line":100,"column":10}},"37":{"start":{"line":102,"column":8},"end":{"line":102,"column":27}},"38":{"start":{"line":11,"column":13},"end":{"line":104,"column":null}},"39":{"start":{"line":11,"column":13},"end":{"line":11,"column":31}}},"fnMap":{"0":{"name":"(anonymous_12)","decl":{"start":{"line":12,"column":4},"end":{"line":12,"column":null}},"loc":{"start":{"line":14,"column":57},"end":{"line":15,"column":9}}},"1":{"name":"(anonymous_13)","decl":{"start":{"line":17,"column":17},"end":{"line":17,"column":27}},"loc":{"start":{"line":17,"column":46},"end":{"line":103,"column":null}}},"2":{"name":"(anonymous_15)","decl":{"start":{"line":23,"column":41},"end":{"line":23,"column":42}},"loc":{"start":{"line":24,"column":16},"end":{"line":30,"column":18}}},"3":{"name":"(anonymous_16)","decl":{"start":{"line":25,"column":16},"end":{"line":25,"column":17}},"loc":{"start":{"line":25,"column":30},"end":{"line":30,"column":17}}},"4":{"name":"(anonymous_17)","decl":{"start":{"line":42,"column":21},"end":{"line":42,"column":22}},"loc":{"start":{"line":42,"column":34},"end":{"line":42,"column":53}}},"5":{"name":"(anonymous_18)","decl":{"start":{"line":43,"column":21},"end":{"line":43,"column":22}},"loc":{"start":{"line":43,"column":34},"end":{"line":43,"column":52}}},"6":{"name":"(anonymous_19)","decl":{"start":{"line":79,"column":25},"end":{"line":79,"column":26}},"loc":{"start":{"line":79,"column":38},"end":{"line":79,"column":59}}},"7":{"name":"(anonymous_20)","decl":{"start":{"line":80,"column":21},"end":{"line":80,"column":22}},"loc":{"start":{"line":80,"column":34},"end":{"line":80,"column":52}}}},"branchMap":{"0":{"loc":{"start":{"line":26,"column":20},"end":{"line":28,"column":null}},"type":"if","locations":[{"start":{"line":26,"column":20},"end":{"line":28,"column":null}},{"start":{"line":26,"column":20},"end":{"line":28,"column":null}}]}},"s":{"0":1,"1":1,"2":1,"3":1,"4":1,"5":1,"6":2,"7":2,"8":2,"9":2,"10":2,"11":2,"12":2,"13":1,"14":2,"15":1,"16":1,"17":1,"18":1,"19":1,"20":1,"21":1,"22":1,"23":1,"24":1,"25":1,"26":1,"27":1,"28":1,"29":1,"30":1,"31":1,"32":4,"33":4,"34":1,"35":1,"36":1,"37":1,"38":1,"39":1},"f":{"0":2,"1":2,"2":2,"3":2,"4":1,"5":1,"6":4,"7":4},"b":{"0":[1,1]}}
,"C:\\Users\\Kamil\\Desktop\\projects\\bibliu_recruitment\\consumer\\src\\api\\book\\service\\bookQueryService\\book-query.service.ts": {"path":"C:\\Users\\Kamil\\Desktop\\projects\\bibliu_recruitment\\consumer\\src\\api\\book\\service\\bookQueryService\\book-query.service.ts","statementMap":{"0":{"start":{"line":1,"column":0},"end":{"line":1,"column":52}},"1":{"start":{"line":5,"column":0},"end":{"line":5,"column":63}},"2":{"start":{"line":8,"column":0},"end":{"line":17,"column":null}},"3":{"start":{"line":11,"column":25},"end":{"line":11,"column":57}},"4":{"start":{"line":15,"column":8},"end":{"line":15,"column":47}},"5":{"start":{"line":8,"column":13},"end":{"line":17,"column":null}},"6":{"start":{"line":8,"column":13},"end":{"line":8,"column":29}}},"fnMap":{"0":{"name":"(anonymous_11)","decl":{"start":{"line":9,"column":4},"end":{"line":9,"column":null}},"loc":{"start":{"line":11,"column":57},"end":{"line":12,"column":9}}},"1":{"name":"(anonymous_12)","decl":{"start":{"line":14,"column":17},"end":{"line":14,"column":27}},"loc":{"start":{"line":14,"column":27},"end":{"line":16,"column":null}}}},"branchMap":{},"s":{"0":1,"1":1,"2":1,"3":1,"4":1,"5":1,"6":1},"f":{"0":1,"1":1},"b":{}}
}
