{"C:\\Users\\Kamil\\Desktop\\projects\\bibliu_recruitment\\consumer\\src\\api\\book\\service\\bookCommandService\\book-command.service.ts": {"path":"C:\\Users\\Kamil\\Desktop\\projects\\bibliu_recruitment\\consumer\\src\\api\\book\\service\\bookCommandService\\book-command.service.ts","statementMap":{"0":{"start":{"line":1,"column":0},"end":{"line":1,"column":71}},"1":{"start":{"line":5,"column":0},"end":{"line":5,"column":28}},"2":{"start":{"line":6,"column":0},"end":{"line":6,"column":20}},"3":{"start":{"line":7,"column":0},"end":{"line":7,"column":24}},"4":{"start":{"line":8,"column":0},"end":{"line":8,"column":63}},"5":{"start":{"line":11,"column":0},"end":{"line":107,"column":null}},"6":{"start":{"line":14,"column":25},"end":{"line":14,"column":57}},"7":{"start":{"line":18,"column":38},"end":{"line":18,"column":57}},"8":{"start":{"line":19,"column":31},"end":{"line":19,"column":66}},"9":{"start":{"line":22,"column":8},"end":{"line":33,"column":null}},"10":{"start":{"line":23,"column":12},"end":{"line":30,"column":20}},"11":{"start":{"line":24,"column":16},"end":{"line":30,"column":18}},"12":{"start":{"line":26,"column":20},"end":{"line":28,"column":null}},"13":{"start":{"line":27,"column":24},"end":{"line":27,"column":36}},"14":{"start":{"line":29,"column":20},"end":{"line":29,"column":34}},"15":{"start":{"line":32,"column":12},"end":{"line":32,"column":47}},"16":{"start":{"line":35,"column":32},"end":{"line":35,"column":84}},"17":{"start":{"line":37,"column":27},"end":{"line":37,"column":68}},"18":{"start":{"line":40,"column":8},"end":{"line":48,"column":null}},"19":{"start":{"line":41,"column":8},"end":{"line":45,"column":65}},"20":{"start":{"line":42,"column":30},"end":{"line":42,"column":49}},"21":{"start":{"line":43,"column":43},"end":{"line":43,"column":59}},"22":{"start":{"line":44,"column":30},"end":{"line":44,"column":48}},"23":{"start":{"line":45,"column":43},"end":{"line":45,"column":59}},"24":{"start":{"line":51,"column":8},"end":{"line":55,"column":null}},"25":{"start":{"line":52,"column":12},"end":{"line":52,"column":46}},"26":{"start":{"line":58,"column":8},"end":{"line":62,"column":null}},"27":{"start":{"line":59,"column":12},"end":{"line":59,"column":54}},"28":{"start":{"line":65,"column":8},"end":{"line":69,"column":null}},"29":{"start":{"line":66,"column":12},"end":{"line":66,"column":57}},"30":{"start":{"line":72,"column":8},"end":{"line":76,"column":null}},"31":{"start":{"line":73,"column":12},"end":{"line":73,"column":92}},"32":{"start":{"line":79,"column":8},"end":{"line":86,"column":null}},"33":{"start":{"line":80,"column":12},"end":{"line":83,"column":54}},"34":{"start":{"line":81,"column":34},"end":{"line":81,"column":55}},"35":{"start":{"line":82,"column":47},"end":{"line":82,"column":63}},"36":{"start":{"line":83,"column":34},"end":{"line":83,"column":52}},"37":{"start":{"line":89,"column":8},"end":{"line":93,"column":null}},"38":{"start":{"line":90,"column":12},"end":{"line":90,"column":74}},"39":{"start":{"line":95,"column":35},"end":{"line":103,"column":10}},"40":{"start":{"line":105,"column":8},"end":{"line":105,"column":27}},"41":{"start":{"line":11,"column":13},"end":{"line":107,"column":null}},"42":{"start":{"line":11,"column":13},"end":{"line":11,"column":31}}},"fnMap":{"0":{"name":"(anonymous_12)","decl":{"start":{"line":12,"column":4},"end":{"line":12,"column":null}},"loc":{"start":{"line":14,"column":57},"end":{"line":15,"column":9}}},"1":{"name":"(anonymous_13)","decl":{"start":{"line":17,"column":17},"end":{"line":17,"column":27}},"loc":{"start":{"line":17,"column":46},"end":{"line":106,"column":null}}},"2":{"name":"(anonymous_15)","decl":{"start":{"line":23,"column":41},"end":{"line":23,"column":42}},"loc":{"start":{"line":24,"column":16},"end":{"line":30,"column":18}}},"3":{"name":"(anonymous_16)","decl":{"start":{"line":25,"column":16},"end":{"line":25,"column":17}},"loc":{"start":{"line":25,"column":30},"end":{"line":30,"column":17}}},"4":{"name":"(anonymous_17)","decl":{"start":{"line":42,"column":17},"end":{"line":42,"column":18}},"loc":{"start":{"line":42,"column":30},"end":{"line":42,"column":49}}},"5":{"name":"(anonymous_18)","decl":{"start":{"line":43,"column":20},"end":{"line":43,"column":21}},"loc":{"start":{"line":43,"column":43},"end":{"line":43,"column":59}}},"6":{"name":"(anonymous_19)","decl":{"start":{"line":44,"column":17},"end":{"line":44,"column":18}},"loc":{"start":{"line":44,"column":30},"end":{"line":44,"column":48}}},"7":{"name":"(anonymous_20)","decl":{"start":{"line":45,"column":20},"end":{"line":45,"column":21}},"loc":{"start":{"line":45,"column":43},"end":{"line":45,"column":59}}},"8":{"name":"(anonymous_21)","decl":{"start":{"line":81,"column":21},"end":{"line":81,"column":22}},"loc":{"start":{"line":81,"column":34},"end":{"line":81,"column":55}}},"9":{"name":"(anonymous_22)","decl":{"start":{"line":82,"column":24},"end":{"line":82,"column":25}},"loc":{"start":{"line":82,"column":47},"end":{"line":82,"column":63}}},"10":{"name":"(anonymous_23)","decl":{"start":{"line":83,"column":21},"end":{"line":83,"column":22}},"loc":{"start":{"line":83,"column":34},"end":{"line":83,"column":52}}}},"branchMap":{"0":{"loc":{"start":{"line":26,"column":20},"end":{"line":28,"column":null}},"type":"if","locations":[{"start":{"line":26,"column":20},"end":{"line":28,"column":null}},{"start":{"line":26,"column":20},"end":{"line":28,"column":null}}]}},"s":{"0":1,"1":1,"2":1,"3":1,"4":1,"5":1,"6":2,"7":2,"8":2,"9":2,"10":2,"11":2,"12":2,"13":1,"14":2,"15":1,"16":1,"17":1,"18":1,"19":1,"20":1,"21":1,"22":1,"23":1,"24":1,"25":1,"26":1,"27":1,"28":1,"29":1,"30":1,"31":1,"32":1,"33":1,"34":4,"35":4,"36":4,"37":1,"38":1,"39":1,"40":1,"41":1,"42":1},"f":{"0":2,"1":2,"2":2,"3":2,"4":1,"5":1,"6":1,"7":1,"8":4,"9":4,"10":4},"b":{"0":[1,1]}}
,"C:\\Users\\Kamil\\Desktop\\projects\\bibliu_recruitment\\consumer\\src\\api\\book\\service\\bookQueryService\\book-query.service.ts": {"path":"C:\\Users\\Kamil\\Desktop\\projects\\bibliu_recruitment\\consumer\\src\\api\\book\\service\\bookQueryService\\book-query.service.ts","statementMap":{"0":{"start":{"line":1,"column":0},"end":{"line":1,"column":52}},"1":{"start":{"line":5,"column":0},"end":{"line":5,"column":63}},"2":{"start":{"line":8,"column":0},"end":{"line":17,"column":null}},"3":{"start":{"line":11,"column":25},"end":{"line":11,"column":57}},"4":{"start":{"line":15,"column":8},"end":{"line":15,"column":47}},"5":{"start":{"line":8,"column":13},"end":{"line":17,"column":null}},"6":{"start":{"line":8,"column":13},"end":{"line":8,"column":29}}},"fnMap":{"0":{"name":"(anonymous_11)","decl":{"start":{"line":9,"column":4},"end":{"line":9,"column":null}},"loc":{"start":{"line":11,"column":57},"end":{"line":12,"column":9}}},"1":{"name":"(anonymous_12)","decl":{"start":{"line":14,"column":17},"end":{"line":14,"column":27}},"loc":{"start":{"line":14,"column":27},"end":{"line":16,"column":null}}}},"branchMap":{},"s":{"0":1,"1":1,"2":1,"3":1,"4":1,"5":1,"6":1},"f":{"0":1,"1":1},"b":{}}
}
