TN:
SF:src\api\book\service\bookCommandService\book-command.service.ts
FN:12,(anonymous_12)
FN:17,(anonymous_13)
FN:23,(anonymous_15)
FN:25,(anonymous_16)
FN:42,(anonymous_17)
FN:43,(anonymous_18)
FN:79,(anonymous_19)
FN:80,(anonymous_20)
FNF:8
FNH:8
FNDA:2,(anonymous_12)
FNDA:2,(anonymous_13)
FNDA:2,(anonymous_15)
FNDA:2,(anonymous_16)
FNDA:1,(anonymous_17)
FNDA:1,(anonymous_18)
FNDA:4,(anonymous_19)
FNDA:4,(anonymous_20)
DA:1,1
DA:5,1
DA:6,1
DA:7,1
DA:8,1
DA:11,1
DA:14,2
DA:18,2
DA:19,2
DA:22,2
DA:23,2
DA:24,2
DA:26,2
DA:27,1
DA:29,2
DA:32,1
DA:35,1
DA:37,1
DA:40,1
DA:41,1
DA:42,1
DA:43,1
DA:49,1
DA:50,1
DA:56,1
DA:57,1
DA:63,1
DA:64,1
DA:70,1
DA:71,1
DA:77,1
DA:78,1
DA:79,4
DA:80,4
DA:86,1
DA:87,1
DA:92,1
DA:102,1
LF:38
LH:38
BRDA:26,0,0,1
BRDA:26,0,1,1
BRF:2
BRH:2
end_of_record
TN:
SF:src\api\book\service\bookQueryService\book-query.service.ts
FN:9,(anonymous_11)
FN:14,(anonymous_12)
FNF:2
FNH:2
FNDA:1,(anonymous_11)
FNDA:1,(anonymous_12)
DA:1,1
DA:5,1
DA:8,1
DA:11,1
DA:15,1
LF:5
LH:5
BRF:0
BRH:0
end_of_record
